{"/Users/grigoris/Websites/_/stub-http-and-db/index.js":{"path":"/Users/grigoris/Websites/_/stub-http-and-db/index.js","s":{"1":1,"2":1,"3":1,"4":0,"5":1},"b":{},"f":{},"fnMap":{},"statementMap":{"1":{"start":{"line":1,"column":0},"end":{"line":6,"column":28}},"2":{"start":{"line":8,"column":0},"end":{"line":14,"column":30}},"3":{"start":{"line":12,"column":15},"end":{"line":12,"column":31}},"4":{"start":{"line":13,"column":18},"end":{"line":13,"column":36}},"5":{"start":{"line":14,"column":14},"end":{"line":14,"column":28}}},"branchMap":{}},"/Users/grigoris/Websites/_/stub-http-and-db/lib/helper.js":{"path":"/Users/grigoris/Websites/_/stub-http-and-db/lib/helper.js","s":{"1":1,"2":1,"3":1,"4":1,"5":1,"6":1,"7":1,"8":1,"9":1,"10":1,"11":1,"12":1,"13":1,"14":1,"15":1,"16":1,"17":1,"18":1,"19":0},"b":{},"f":{},"fnMap":{},"statementMap":{"1":{"start":{"line":1,"column":0},"end":{"line":1,"column":36}},"2":{"start":{"line":2,"column":0},"end":{"line":2,"column":43}},"3":{"start":{"line":3,"column":0},"end":{"line":3,"column":37}},"4":{"start":{"line":4,"column":0},"end":{"line":4,"column":37}},"5":{"start":{"line":5,"column":0},"end":{"line":5,"column":40}},"6":{"start":{"line":7,"column":0},"end":{"line":7,"column":50}},"7":{"start":{"line":8,"column":0},"end":{"line":8,"column":45}},"8":{"start":{"line":10,"column":0},"end":{"line":38,"column":2}},"9":{"start":{"line":12,"column":25},"end":{"line":12,"column":96}},"10":{"start":{"line":14,"column":27},"end":{"line":14,"column":41}},"11":{"start":{"line":16,"column":21},"end":{"line":16,"column":36}},"12":{"start":{"line":19,"column":4},"end":{"line":35,"column":5}},"13":{"start":{"line":20,"column":6},"end":{"line":20,"column":33}},"14":{"start":{"line":21,"column":6},"end":{"line":21,"column":66}},"15":{"start":{"line":23,"column":6},"end":{"line":26,"column":23}},"16":{"start":{"line":28,"column":6},"end":{"line":28,"column":57}},"17":{"start":{"line":29,"column":6},"end":{"line":29,"column":63}},"18":{"start":{"line":31,"column":6},"end":{"line":31,"column":88}},"19":{"start":{"line":34,"column":6},"end":{"line":34,"column":14}}},"branchMap":{}},"/Users/grigoris/Websites/_/stub-http-and-db/lib/config.js":{"path":"/Users/grigoris/Websites/_/stub-http-and-db/lib/config.js","s":{"1":1},"b":{"1":[1,1]},"f":{},"fnMap":{},"statementMap":{"1":{"start":{"line":1,"column":0},"end":{"line":3,"column":2}}},"branchMap":{"1":{"line":2,"type":"binary-expr","locations":[{"start":{"line":2,"column":12},"end":{"line":2,"column":35}},{"start":{"line":2,"column":39},"end":{"line":2,"column":67}}]}}}}