TN:
SF:/Users/grigoris/Websites/_/stub-http-and-db/index.js
FNF:0
FNH:0
DA:1,1
DA:8,1
DA:12,1
DA:13,0
DA:14,1
LF:5
LH:4
BRF:0
BRH:0
end_of_record
TN:
SF:/Users/grigoris/Websites/_/stub-http-and-db/lib/helper.js
FNF:0
FNH:0
DA:1,1
DA:2,1
DA:3,1
DA:4,1
DA:5,1
DA:7,1
DA:8,1
DA:10,1
DA:12,1
DA:14,1
DA:16,1
DA:19,1
DA:20,1
DA:21,1
DA:23,1
DA:28,1
DA:29,1
DA:31,1
DA:34,0
LF:19
LH:18
BRF:0
BRH:0
end_of_record
TN:
SF:/Users/grigoris/Websites/_/stub-http-and-db/lib/config.js
FNF:0
FNH:0
DA:1,1
LF:1
LH:1
BRDA:2,1,0,1
BRDA:2,1,1,1
BRF:2
BRH:2
end_of_record
